<?xml version="1.0" encoding="UTF-8"?>
<!-- Generated by org.testng.reporters.JUnitReportReporter -->
<testsuite skipped="0" hostname="DESKTOP-P5E0Q32" name="Bingo.Test.NewTest9" tests="2" failures="0" timestamp="07 九月 2018 08:19:30 GMT" time="3.676" errors="0">
  <testcase name="loginSys" time="0.875" classname="Bingo.Test.NewTest9"/>
  <testcase name="testDemo" time="2.801" classname="Bingo.Test.NewTest9"/>
</testsuite> <!-- Bingo.Test.NewTest9 -->
