<?xml version="1.0" encoding="UTF-8"?>
<!-- Generated by org.testng.reporters.JUnitReportReporter -->
<testsuite skipped="0" hostname="DESKTOP-P5E0Q32" name="Bingo.Test.NewTest17" tests="2" failures="0" timestamp="07 九月 2018 08:19:30 GMT" time="2.591" errors="0">
  <testcase name="loginSys" time="0.905" classname="Bingo.Test.NewTest17"/>
  <testcase name="testDemo" time="1.686" classname="Bingo.Test.NewTest17"/>
</testsuite> <!-- Bingo.Test.NewTest17 -->
