<?xml version="1.0" encoding="UTF-8"?>
<!-- Generated by org.testng.reporters.JUnitReportReporter -->
<testsuite skipped="0" hostname="DESKTOP-P5E0Q32" name="Bingo.Test.NewTest10" tests="2" failures="0" timestamp="07 九月 2018 08:19:30 GMT" time="3.475" errors="0">
  <testcase name="loginSys" time="1.116" classname="Bingo.Test.NewTest10"/>
  <testcase name="testDemo" time="2.359" classname="Bingo.Test.NewTest10"/>
</testsuite> <!-- Bingo.Test.NewTest10 -->
