<?xml version="1.0" encoding="UTF-8"?>
<!-- Generated by org.testng.reporters.JUnitReportReporter -->
<testsuite skipped="0" hostname="DESKTOP-P5E0Q32" name="Bingo.Test.NewTest20" tests="2" failures="0" timestamp="07 九月 2018 08:19:30 GMT" time="3.932" errors="0">
  <testcase name="loginSys" time="1.321" classname="Bingo.Test.NewTest20"/>
  <testcase name="testDemo" time="2.611" classname="Bingo.Test.NewTest20"/>
</testsuite> <!-- Bingo.Test.NewTest20 -->
