<?xml version="1.0" encoding="UTF-8"?>
<!-- Generated by org.testng.reporters.JUnitReportReporter -->
<testsuite skipped="0" hostname="DESKTOP-P5E0Q32" name="Bingo.Test.multi_thread" tests="1" failures="0" timestamp="28 八月 2018 05:51:07 GMT" time="0.076" errors="0">
  <testcase name="main" time="0.076" classname="Bingo.Test.multi_thread"/>
</testsuite> <!-- Bingo.Test.multi_thread -->
