<?xml version="1.0" encoding="UTF-8"?>
<!-- Generated by org.testng.reporters.JUnitReportReporter -->
<testsuite skipped="0" hostname="DESKTOP-P5E0Q32" name="Bingo.Test.NewTest13" tests="2" failures="0" timestamp="06 九月 2018 07:37:57 GMT" time="7.161" errors="0">
  <testcase name="loginSys" time="3.511" classname="Bingo.Test.NewTest13"/>
  <testcase name="testDemo" time="3.650" classname="Bingo.Test.NewTest13"/>
</testsuite> <!-- Bingo.Test.NewTest13 -->
