<?xml version="1.0" encoding="UTF-8"?>
<!-- Generated by org.testng.reporters.JUnitReportReporter -->
<testsuite skipped="0" hostname="DESKTOP-P5E0Q32" name="Bingo.temporary.data.testlogtestng" tests="1" failures="0" timestamp="31 八月 2018 06:46:19 GMT" time="0.084" errors="0">
  <testcase name="testLog" time="0.084" classname="Bingo.temporary.data.testlogtestng"/>
</testsuite> <!-- Bingo.temporary.data.testlogtestng -->
