<?xml version="1.0" encoding="UTF-8"?>
<!-- Generated by org.testng.reporters.JUnitReportReporter -->
<testsuite skipped="0" hostname="DESKTOP-P5E0Q32" name="Bingo.GNTest.testlogtestng" tests="1" failures="0" timestamp="31 八月 2018 07:50:09 GMT" time="0.090" errors="0">
  <testcase name="testLog" time="0.090" classname="Bingo.GNTest.testlogtestng"/>
</testsuite> <!-- Bingo.GNTest.testlogtestng -->
