<?xml version="1.0" encoding="UTF-8"?>
<!-- Generated by org.testng.reporters.JUnitReportReporter -->
<testsuite skipped="0" hostname="DESKTOP-P5E0Q32" name="Bingo.Test.NewTest17" tests="2" failures="0" timestamp="06 九月 2018 07:37:57 GMT" time="6.424" errors="0">
  <testcase name="loginSys" time="2.072" classname="Bingo.Test.NewTest17"/>
  <testcase name="testDemo" time="4.352" classname="Bingo.Test.NewTest17"/>
</testsuite> <!-- Bingo.Test.NewTest17 -->
