<?xml version="1.0" encoding="UTF-8"?>
<!-- Generated by org.testng.reporters.JUnitReportReporter -->
<testsuite skipped="0" hostname="DESKTOP-P5E0Q32" name="Bingo.Test.NewTest11" tests="2" failures="0" timestamp="06 九月 2018 07:37:57 GMT" time="5.137" errors="0">
  <testcase name="loginSys" time="1.892" classname="Bingo.Test.NewTest11"/>
  <testcase name="testDemo" time="3.245" classname="Bingo.Test.NewTest11"/>
</testsuite> <!-- Bingo.Test.NewTest11 -->
