<?xml version="1.0" encoding="UTF-8"?>
<!-- Generated by org.testng.reporters.JUnitReportReporter -->
<testsuite skipped="0" hostname="DESKTOP-P5E0Q32" name="Bingo.Test.NewTest14" tests="2" failures="0" timestamp="06 九月 2018 07:37:57 GMT" time="6.279" errors="0">
  <testcase name="loginSys" time="1.992" classname="Bingo.Test.NewTest14"/>
  <testcase name="testDemo" time="4.287" classname="Bingo.Test.NewTest14"/>
</testsuite> <!-- Bingo.Test.NewTest14 -->
