<?xml version="1.0" encoding="UTF-8"?>
<!-- Generated by org.testng.reporters.JUnitReportReporter -->
<testsuite skipped="0" hostname="DESKTOP-P5E0Q32" name="Bingo.Test.NewTest4" tests="2" failures="0" timestamp="06 九月 2018 07:37:57 GMT" time="6.065" errors="0">
  <testcase name="loginSys" time="2.435" classname="Bingo.Test.NewTest4"/>
  <testcase name="testDemo" time="3.630" classname="Bingo.Test.NewTest4"/>
</testsuite> <!-- Bingo.Test.NewTest4 -->
