<?xml version="1.0" encoding="UTF-8"?>
<!-- Generated by org.testng.reporters.JUnitReportReporter -->
<testsuite skipped="0" hostname="DESKTOP-P5E0Q32" name="Bingo.Test.deploy_x" tests="1" failures="0" timestamp="31 八月 2018 10:31:07 GMT" time="0.074" errors="0">
  <testcase name="Deploy_l" time="0.074" classname="Bingo.Test.deploy_x"/>
</testsuite> <!-- Bingo.Test.deploy_x -->
