<?xml version="1.0" encoding="UTF-8"?>
<!-- Generated by org.testng.reporters.JUnitReportReporter -->
<testsuite skipped="0" hostname="DESKTOP-P5E0Q32" name="Bingo.Test.NewTest18" tests="2" failures="0" timestamp="06 九月 2018 07:37:57 GMT" time="7.336" errors="0">
  <testcase name="loginSys" time="1.810" classname="Bingo.Test.NewTest18"/>
  <testcase name="testDemo" time="5.526" classname="Bingo.Test.NewTest18"/>
</testsuite> <!-- Bingo.Test.NewTest18 -->
