<?xml version="1.0" encoding="UTF-8"?>
<!-- Generated by org.testng.reporters.JUnitReportReporter -->
<testsuite skipped="0" hostname="DESKTOP-P5E0Q32" name="Bingo.Test.NewTest" tests="1" failures="0" timestamp="21 八月 2018 11:12:13 GMT" time="4.197" errors="0">
  <testcase name="testGoogleSearch" time="4.197" classname="Bingo.Test.NewTest"/>
</testsuite> <!-- Bingo.Test.NewTest -->
