<?xml version="1.0" encoding="UTF-8"?>
<!-- Generated by org.testng.reporters.JUnitReportReporter -->
<testsuite skipped="0" hostname="DESKTOP-P5E0Q32" name="Bingo.Test.NewTest16" tests="2" failures="0" timestamp="06 九月 2018 07:37:57 GMT" time="8.249" errors="0">
  <testcase name="loginSys" time="2.001" classname="Bingo.Test.NewTest16"/>
  <testcase name="testDemo" time="6.248" classname="Bingo.Test.NewTest16"/>
</testsuite> <!-- Bingo.Test.NewTest16 -->
