<?xml version="1.0" encoding="UTF-8"?>
<!-- Generated by org.testng.reporters.JUnitReportReporter -->
<testsuite skipped="0" hostname="DESKTOP-P5E0Q32" name="Bingo.Test.NewTest" tests="2" failures="0" timestamp="06 九月 2018 07:37:57 GMT" time="6.112" errors="0">
  <testcase name="loginSys" time="2.538" classname="Bingo.Test.NewTest"/>
  <testcase name="testDemo" time="3.574" classname="Bingo.Test.NewTest"/>
</testsuite> <!-- Bingo.Test.NewTest -->
