<?xml version="1.0" encoding="UTF-8"?>
<!-- Generated by org.testng.reporters.JUnitReportReporter -->
<testsuite skipped="0" hostname="DESKTOP-P5E0Q32" name="Bingo.Test.NewTest15" tests="2" failures="0" timestamp="06 九月 2018 07:37:57 GMT" time="6.455" errors="0">
  <testcase name="loginSys" time="2.180" classname="Bingo.Test.NewTest15"/>
  <testcase name="testDemo" time="4.275" classname="Bingo.Test.NewTest15"/>
</testsuite> <!-- Bingo.Test.NewTest15 -->
